https://www.hackerrank.com/dashboard
https://github.com/felipevr/desafios_python
https://drive.google.com/
https://twitter.com/
https://gitlab.com/
https://alura.com.br
https://instagram.com
https://www.alura.com.br
http://google.com
https://gmail.com
https://alura.com.br
http://instagram.com
https://www.alura.com.br
http://google.com
https://gmail.com
https://alura.com.br
http://instagram.com
https://www.alura.com.br
https://google.com
https://gmail.com
https://alura.com.br
http://instagram.com
https://www.alura.com.br
http://google.com
https://gmail.com
https://alura.com.br
http://instagram.com
https://www.alura.com.br
https://google.com
https://gmail.com
https://alura.com.br
http://instagram.com
https://www.alura.com.br
http://google.com
https://gmail.com
https://alura.com.br
http://instagram.com
https://www.alura.com.br
http://google.com
https://gmail.com
https://alura.com.br
http://instagram.com
https://www.alura.com.br
http://google.com
https://gmail.com
https://alura.com.br
http://instagram.com
https://www.alura.com.br
https://google.com
https://gmail.com
https://alura.com.br
http://instagram.com
https://www.alura.com.br
http://google.com
https://gmail.com
https://alura.com.br
http://instagram.com
https://www.alura.com.br
http://google.com
https://gmail.com
https://alura.com.br
http://instagram.com
https://www.alura.com.br
http://google.com
https://gmail.com
https://alura.com.br
http://instagram.com
https://www.alura.com.br
http://google.com
https://gmail.com
https://alura.com.br
https://instagram.com
https://www.alura.com.br
http://google.com
https://gmail.com
https://alura.com.br
http://instagram.com
https://www.alura.com.br
http://google.com
https://gmail.com
https://alura.com.br
http://instagram.com
https://www.alura.com.br
http://google.com
https://gmail.com
https://alura.com.br
http://instagram.com
https://www.alura.com.br
http://google.com
https://gmail.com
https://alura.com.br
http://instagram.com
https://www.alura.com.br
http://google.com
https://gmail.com
https://alura.com.br
http://instagram.com
https://www.alura.com.br
http://google.com
https://gmail.com
https://alura.com.br
http://instagram.com
https://www.alura.com.br
http://google.com
https://gmail.com
https://alura.com.br
http://instagram.com
https://www.alura.com.br
http://google.com
https://gmail.com
https://alura.com.br
http://instagram.com
https://www.alura.com.br
http://google.com
https://gmail.com
https://alura.com.br
http://instagram.com
https://www.alura.com.br
http://google.com
https://gmail.com
https://alura.com.br
http://instagram.com
https://www.alura.com.br
http://google.com
https://gmail.com
https://alura.com.br
http://instagram.com
https://www.alura.com.br
http://google.com
https://gmail.com
https://alura.com.br
http://instagram.com
https://www.alura.com.br
http://google.com
https://gmail.com
https://alura.com.br
http://instagram.com
https://www.alura.com.br
http://google.com
https://gmail.com
https://alura.com.br
http://instagram.com
https://www.alura.com.br
http://google.com
https://gmail.com
https://alura.com.br
http://instagram.com
https://www.alura.com.br
http://google.com
https://gmail.com
https://alura.com.br
http://instagram.com
https://www.alura.com.br
http://google.com
https://gmail.com
https://alura.com.br
http://instagram.com
https://www.alura.com.br
http://google.com
https://gmail.com
https://alura.com.br
http://instagram.com
https://www.alura.com.br
http://google.com
https://gmail.com
https://alura.com.br
http://instagram.com
https://www.alura.com.br
http://google.com
https://gmail.com
https://alura.com.br
http://instagram.com
https://www.alura.com.br
http://google.com
https://gmail.com
https://alura.com.br
http://instagram.com
https://www.alura.com.br
http://google.com
https://gmail.com
https://alura.com.br
http://instagram.com
https://www.alura.com.br
http://google.com
https://gmail.com
https://alura.com.br
http://instagram.com
https://www.alura.com.br
http://google.com
https://gmail.com
https://alura.com.br
http://instagram.com
https://www.alura.com.br
http://google.com
https://gmail.com
https://alura.com.br
http://instagram.com
https://www.alura.com.br
http://google.com
https://gmail.com
https://alura.com.br
http://instagram.com
https://www.alura.com.br
http://google.com
https://gmail.com
https://alura.com.br
http://instagram.com
https://www.alura.com.br
http://google.com
https://gmail.com
https://alura.com.br
http://instagram.com
https://www.alura.com.br
http://google.com
https://gmail.com
https://alura.com.br
http://instagram.com
https://www.alura.com.br
http://google.com
https://gmail.com
https://alura.com.br
http://instagram.com
https://www.alura.com.br
http://google.com
https://gmail.com
https://alura.com.br
http://instagram.com
https://www.alura.com.br
http://google.com
https://gmail.com
https://alura.com.br
http://instagram.com
https://www.alura.com.br
http://google.com
https://gmail.com
https://alura.com.br
http://instagram.com
https://www.alura.com.br
http://google.com
https://gmail.com
https://alura.com.br
http://instagram.com
https://www.alura.com.br
http://google.com
https://gmail.com
https://alura.com.br
http://instagram.com
https://www.alura.com.br
http://google.com
https://gmail.com
https://alura.com.br
http://instagram.com
https://www.alura.com.br